[2023-05-03 16:41:41.042] [Application General] [info] Engine started


[2023-05-03 16:41:41.043] [Graphics General] [info] Graphics logger started
[2023-05-03 16:41:41.066] [Application General] [debug] GLFW library has been initialized
[2023-05-03 16:41:41.067] [Application General] [debug] Initializing GLFW window
[2023-05-03 16:41:41.308] [Application General] [debug] Setting up window callbacks
[2023-05-03 16:41:41.313] [Application General] [debug] GLFW context has been binded
[2023-05-03 16:41:41.319] [Application General] [debug] GLAD has been initialized
[2023-05-03 16:41:41.319] [Resource Manager] [info] Loading shader spriteShader
[2023-05-03 16:41:41.321] [Graphics General] [info] Compiling vertex shader...
[2023-05-03 16:41:41.321] [Graphics General] [info] Compiling fragment shader
[2023-05-03 16:41:41.321] [Graphics General] [info] Linking shaders
[2023-05-03 16:41:41.322] [Application General] [info] Application has been initialized
[2023-05-03 16:41:41.322] [Resource Manager] [warning] Attempted to get the texture that does not exists in the map(cardSprite)
[2023-05-03 16:41:41.322] [Resource Manager] [info] Loading texture cardSprite
[2023-05-03 16:44:59.383] [Application General] [info] Engine started


[2023-05-03 16:44:59.384] [Graphics General] [info] Graphics logger started
[2023-05-03 16:44:59.406] [Application General] [debug] GLFW library has been initialized
[2023-05-03 16:44:59.406] [Application General] [debug] Initializing GLFW window
[2023-05-03 16:44:59.665] [Application General] [debug] Setting up window callbacks
[2023-05-03 16:44:59.674] [Application General] [debug] GLFW context has been binded
[2023-05-03 16:44:59.686] [Application General] [debug] GLAD has been initialized
[2023-05-03 16:44:59.686] [Application General] [info] Loading shaders
[2023-05-03 16:44:59.686] [Resource Manager] [info] Loading shader spriteShader
[2023-05-03 16:44:59.687] [Graphics General] [info] Compiling vertex shader...
[2023-05-03 16:44:59.687] [Graphics General] [info] Compiling fragment shader
[2023-05-03 16:44:59.687] [Graphics General] [info] Linking shaders
[2023-05-03 16:44:59.688] [Application General] [info] Creating sprite renderer
[2023-05-03 16:44:59.688] [Application General] [info] Application has been initialized
[2023-05-03 16:44:59.689] [Resource Manager] [warning] Attempted to get the texture that does not exists in the map(cardSprite)
[2023-05-03 16:44:59.689] [Resource Manager] [info] Loading texture cardSprite
[2023-05-03 16:45:00.896] [Resource Manager] [info] Releasing shaders..
[2023-05-03 16:45:00.896] [Resource Manager] [info] Releasing textures..
[2023-05-03 16:47:55.321] [Application General] [info] Engine started


[2023-05-03 16:47:55.322] [Graphics General] [info] Graphics logger started
[2023-05-03 16:47:55.344] [Application General] [debug] GLFW library has been initialized
[2023-05-03 16:47:55.344] [Application General] [debug] Initializing GLFW window
[2023-05-03 16:47:55.621] [Application General] [debug] Setting up window callbacks
[2023-05-03 16:47:55.625] [Application General] [debug] GLFW context has been binded
[2023-05-03 16:47:55.656] [Application General] [debug] GLAD has been initialized
[2023-05-03 16:47:55.656] [Application General] [info] Loading shaders
[2023-05-03 16:47:55.656] [Resource Manager] [info] Loading shader spriteShader
[2023-05-03 16:47:55.657] [Graphics General] [info] Compiling vertex shader...
[2023-05-03 16:47:55.658] [Graphics General] [info] Compiling fragment shader
[2023-05-03 16:47:55.658] [Graphics General] [info] Linking shaders
[2023-05-03 16:47:55.658] [Application General] [info] Creating sprite renderer
[2023-05-03 16:47:55.659] [Application General] [info] Application has been initialized
[2023-05-03 16:47:55.659] [Resource Manager] [warning] Attempted to get the texture that does not exists in the map(cardSprite)
[2023-05-03 16:47:55.659] [Resource Manager] [info] Loading texture cardSprite
[2023-05-03 16:47:56.442] [Resource Manager] [info] Releasing shaders..
[2023-05-03 16:47:56.442] [Resource Manager] [info] Releasing textures..
[2023-05-03 16:54:42.259] [Application General] [info] Engine started


[2023-05-03 16:54:42.260] [Graphics General] [info] Graphics logger started
[2023-05-03 16:54:42.279] [Application General] [debug] GLFW library has been initialized
[2023-05-03 16:54:42.279] [Application General] [debug] Initializing GLFW window
[2023-05-03 16:54:42.517] [Application General] [debug] Setting up window callbacks
[2023-05-03 16:54:42.521] [Application General] [debug] GLFW context has been binded
[2023-05-03 16:54:42.525] [Application General] [debug] GLAD has been initialized
[2023-05-03 16:54:42.525] [Application General] [info] Loading shaders
[2023-05-03 16:54:42.525] [Resource Manager] [info] Loading shader spriteShader
[2023-05-03 16:54:42.527] [Graphics General] [info] Compiling vertex shader...
[2023-05-03 16:54:42.528] [Graphics General] [info] Compiling fragment shader
[2023-05-03 16:54:42.528] [Graphics General] [info] Linking shaders
[2023-05-03 16:54:42.529] [Application General] [info] Creating sprite renderer
[2023-05-03 16:54:42.530] [Application General] [info] Application has been initialized
[2023-05-03 16:54:42.530] [Resource Manager] [warning] Attempted to get the texture that does not exists in the map(cardSprite)
[2023-05-03 16:54:42.530] [Resource Manager] [info] Loading texture cardSprite
[2023-05-03 16:54:43.431] [Resource Manager] [info] Releasing shaders..
[2023-05-03 16:54:43.431] [Resource Manager] [info] Releasing textures..
